[debug] [2024-03-10T15:07:55.300Z] ----------------------------------------------------------------------
[debug] [2024-03-10T15:07:55.302Z] Command:       /usr/local/share/nvm/versions/node/v20.11.1/bin/node /home/codespace/nvm/current/bin/firebase init
[debug] [2024-03-10T15:07:55.302Z] CLI Version:   13.4.1
[debug] [2024-03-10T15:07:55.302Z] Platform:      linux
[debug] [2024-03-10T15:07:55.302Z] Node Version:  v20.11.1
[debug] [2024-03-10T15:07:55.302Z] Time:          Sun Mar 10 2024 15:07:55 GMT+0000 (Coordinated Universal Time)
[debug] [2024-03-10T15:07:55.303Z] Env Overrides: GITHUB_API_URL
[debug] [2024-03-10T15:07:55.303Z] ----------------------------------------------------------------------
[debug] 
[debug] [2024-03-10T15:07:55.306Z] > command requires scopes: ["email","openid","https://www.googleapis.com/auth/cloudplatformprojects.readonly","https://www.googleapis.com/auth/firebase","https://www.googleapis.com/auth/cloud-platform"]
[debug] [2024-03-10T15:07:55.306Z] > authorizing via signed-in user (mosquedasam8@gmail.com)
[info] 
     ######## #### ########  ######## ########     ###     ######  ########
     ##        ##  ##     ## ##       ##     ##  ##   ##  ##       ##
     ######    ##  ########  ######   ########  #########  ######  ######
     ##        ##  ##    ##  ##       ##     ## ##     ##       ## ##
     ##       #### ##     ## ######## ########  ##     ##  ######  ########

You're about to initialize a Firebase project in this directory:

  /workspaces/informatics-schoolproj

Before we get started, keep in mind:

  * You are currently outside your home directory

[info] 
=== Project Setup
[info] 
[info] First, let's associate this project directory with a Firebase project.
[info] You can create multiple project aliases by running firebase use --add, 
[info] but for now we'll just set up a default project.
[info] 
[debug] [2024-03-10T15:08:09.600Z] >>> [apiv2][query] GET https://firebase.googleapis.com/v1beta1/projects pageSize=100
[debug] [2024-03-10T15:08:10.348Z] <<< [apiv2][status] GET https://firebase.googleapis.com/v1beta1/projects 200
[debug] [2024-03-10T15:08:10.349Z] <<< [apiv2][body] GET https://firebase.googleapis.com/v1beta1/projects [omitted]
[info] i  Using project smart-impact-402905 (School-proj) 
[info] 
=== Database Setup
[info] i  database: ensuring required API firebasedatabase.googleapis.com is enabled... 
[debug] [2024-03-10T15:08:13.251Z] >>> [apiv2][query] GET https://serviceusage.googleapis.com/v1/projects/smart-impact-402905/services/firebasedatabase.googleapis.com [none]
[debug] [2024-03-10T15:08:13.251Z] >>> [apiv2][(partial)header] GET https://serviceusage.googleapis.com/v1/projects/smart-impact-402905/services/firebasedatabase.googleapis.com x-goog-quota-user=projects/smart-impact-402905
[debug] [2024-03-10T15:08:14.568Z] <<< [apiv2][status] GET https://serviceusage.googleapis.com/v1/projects/smart-impact-402905/services/firebasedatabase.googleapis.com 200
[debug] [2024-03-10T15:08:14.568Z] <<< [apiv2][body] GET https://serviceusage.googleapis.com/v1/projects/smart-impact-402905/services/firebasedatabase.googleapis.com [omitted]
[info] ✔  database: required API firebasedatabase.googleapis.com is enabled 
[info] 
[debug] [2024-03-10T15:08:14.569Z] >>> [apiv2][query] GET https://firebasedatabase.googleapis.com/v1beta/projects/smart-impact-402905/locations/-/instances/smart-impact-402905-default-rtdb [none]
[debug] [2024-03-10T15:08:15.812Z] <<< [apiv2][status] GET https://firebasedatabase.googleapis.com/v1beta/projects/smart-impact-402905/locations/-/instances/smart-impact-402905-default-rtdb 200
[debug] [2024-03-10T15:08:15.813Z] <<< [apiv2][body] GET https://firebasedatabase.googleapis.com/v1beta/projects/smart-impact-402905/locations/-/instances/smart-impact-402905-default-rtdb {"name":"projects/380054319776/locations/asia-southeast1/instances/smart-impact-402905-default-rtdb","project":"projects/380054319776","databaseUrl":"https://smart-impact-402905-default-rtdb.asia-southeast1.firebasedatabase.app","type":"DEFAULT_DATABASE","state":"ACTIVE"}
[info] 
[info] Firebase Realtime Database Security Rules allow you to define how your data should be
[info] structured and when your data can be read from and written to.
[info] 
[debug] [2024-03-10T15:08:20.810Z] >>> [apiv2][query] GET https://smart-impact-402905-default-rtdb.asia-southeast1.firebasedatabase.app/.settings/rules.json [none]
[debug] [2024-03-10T15:08:20.913Z] <<< [apiv2][status] GET https://smart-impact-402905-default-rtdb.asia-southeast1.firebasedatabase.app/.settings/rules.json 200
[debug] [2024-03-10T15:08:20.914Z] <<< [apiv2][body] GET https://smart-impact-402905-default-rtdb.asia-southeast1.firebasedatabase.app/.settings/rules.json [stream]
[info] ✔  Database Rules for smart-impact-402905-default-rtdb have been written to database.rules.json. 
[info] Future modifications to database.rules.json will update Realtime Database Security Rules when you run
[info] firebase deploy.
[info] 
=== Firestore Setup
[debug] [2024-03-10T15:08:20.915Z] >>> [apiv2][query] GET https://serviceusage.googleapis.com/v1/projects/smart-impact-402905/services/firestore.googleapis.com [none]
[debug] [2024-03-10T15:08:20.915Z] >>> [apiv2][(partial)header] GET https://serviceusage.googleapis.com/v1/projects/smart-impact-402905/services/firestore.googleapis.com x-goog-quota-user=projects/smart-impact-402905
[debug] [2024-03-10T15:08:22.268Z] <<< [apiv2][status] GET https://serviceusage.googleapis.com/v1/projects/smart-impact-402905/services/firestore.googleapis.com 200
[debug] [2024-03-10T15:08:22.269Z] <<< [apiv2][body] GET https://serviceusage.googleapis.com/v1/projects/smart-impact-402905/services/firestore.googleapis.com [omitted]
[debug] [2024-03-10T15:08:22.269Z] >>> [apiv2][query] GET https://firestore.googleapis.com/v1/projects/smart-impact-402905/databases/(default) [none]
[debug] [2024-03-10T15:08:23.506Z] <<< [apiv2][status] GET https://firestore.googleapis.com/v1/projects/smart-impact-402905/databases/(default) 200
[debug] [2024-03-10T15:08:23.506Z] <<< [apiv2][body] GET https://firestore.googleapis.com/v1/projects/smart-impact-402905/databases/(default) {"name":"projects/smart-impact-402905/databases/(default)","uid":"fa467948-cf3b-4d64-ad9d-ce3c3b01a913","createTime":"2024-03-10T12:46:32.061443Z","updateTime":"2024-03-10T12:46:32.061443Z","locationId":"nam5","type":"FIRESTORE_NATIVE","concurrencyMode":"PESSIMISTIC","versionRetentionPeriod":"3600s","earliestVersionTime":"2024-03-10T14:08:23.473277Z","appEngineIntegrationMode":"ENABLED","keyPrefix":"s","pointInTimeRecoveryEnablement":"POINT_IN_TIME_RECOVERY_DISABLED","deleteProtectionState":"DELETE_PROTECTION_DISABLED","etag":"IJr729786YQDMNz2o6z86YQD"}
[debug] [2024-03-10T15:08:23.506Z] database_type: FIRESTORE_NATIVE
[debug] [2024-03-10T15:08:23.507Z] > command requires scopes: ["email","openid","https://www.googleapis.com/auth/cloudplatformprojects.readonly","https://www.googleapis.com/auth/firebase","https://www.googleapis.com/auth/cloud-platform"]
[debug] [2024-03-10T15:08:23.507Z] > authorizing via signed-in user (mosquedasam8@gmail.com)
[debug] [2024-03-10T15:08:23.507Z] [iam] checking project smart-impact-402905 for permissions ["firebase.projects.get"]
[debug] [2024-03-10T15:08:23.507Z] >>> [apiv2][query] POST https://cloudresourcemanager.googleapis.com/v1/projects/smart-impact-402905:testIamPermissions [none]
[debug] [2024-03-10T15:08:23.507Z] >>> [apiv2][(partial)header] POST https://cloudresourcemanager.googleapis.com/v1/projects/smart-impact-402905:testIamPermissions x-goog-quota-user=projects/smart-impact-402905
[debug] [2024-03-10T15:08:23.507Z] >>> [apiv2][body] POST https://cloudresourcemanager.googleapis.com/v1/projects/smart-impact-402905:testIamPermissions {"permissions":["firebase.projects.get"]}
[debug] [2024-03-10T15:08:24.492Z] <<< [apiv2][status] POST https://cloudresourcemanager.googleapis.com/v1/projects/smart-impact-402905:testIamPermissions 200
[debug] [2024-03-10T15:08:24.492Z] <<< [apiv2][body] POST https://cloudresourcemanager.googleapis.com/v1/projects/smart-impact-402905:testIamPermissions {"permissions":["firebase.projects.get"]}
[info] 
[info] Firestore Security Rules allow you to define how and when to allow
[info] requests. You can keep these rules in your project directory
[info] and publish them with firebase deploy.
[info] 
[debug] [2024-03-10T15:08:29.914Z] >>> [apiv2][query] GET https://firebaserules.googleapis.com/v1/projects/smart-impact-402905/releases pageSize=10&pageToken=
[debug] [2024-03-10T15:08:31.198Z] <<< [apiv2][status] GET https://firebaserules.googleapis.com/v1/projects/smart-impact-402905/releases 200
[debug] [2024-03-10T15:08:31.198Z] <<< [apiv2][body] GET https://firebaserules.googleapis.com/v1/projects/smart-impact-402905/releases {"releases":[{"name":"projects/smart-impact-402905/releases/firebase.storage/smart-impact-402905.appspot.com","rulesetName":"projects/smart-impact-402905/rulesets/eec0aba1-540f-4171-aa2f-999c1fd7ea4d","createTime":"2024-03-10T12:51:11.678878Z","updateTime":"2024-03-10T14:28:16.989328Z"}]}
[debug] [2024-03-10T15:08:31.198Z] No rulesets found, using default.
[info] 
[info] Firestore indexes allow you to perform complex queries while
[info] maintaining performance that scales with the size of the result
[info] set. You can keep index definitions in your project directory
[info] and publish them with firebase deploy.
[info] 
[debug] [2024-03-10T15:08:32.291Z] >>> [apiv2][query] GET https://firestore.googleapis.com/v1/projects/smart-impact-402905/databases/(default)/collectionGroups/-/indexes [none]
[debug] [2024-03-10T15:08:32.293Z] >>> [apiv2][query] GET https://firestore.googleapis.com/v1/projects/smart-impact-402905/databases/(default)/collectionGroups/-/fields?filter=indexConfig.usesAncestorConfig=false OR ttlConfig:* [none]
[debug] [2024-03-10T15:08:33.517Z] <<< [apiv2][status] GET https://firestore.googleapis.com/v1/projects/smart-impact-402905/databases/(default)/collectionGroups/-/fields?filter=indexConfig.usesAncestorConfig=false OR ttlConfig:* 200
[debug] [2024-03-10T15:08:33.517Z] <<< [apiv2][body] GET https://firestore.googleapis.com/v1/projects/smart-impact-402905/databases/(default)/collectionGroups/-/fields?filter=indexConfig.usesAncestorConfig=false OR ttlConfig:* {"fields":[{"name":"projects/smart-impact-402905/databases/(default)/collectionGroups/__default__/fields/*","indexConfig":{"indexes":[{"queryScope":"COLLECTION","fields":[{"fieldPath":"*","order":"ASCENDING"}],"state":"READY"},{"queryScope":"COLLECTION","fields":[{"fieldPath":"*","order":"DESCENDING"}],"state":"READY"},{"queryScope":"COLLECTION","fields":[{"fieldPath":"*","arrayConfig":"CONTAINS"}],"state":"READY"}]}}]}
[debug] [2024-03-10T15:08:33.531Z] <<< [apiv2][status] GET https://firestore.googleapis.com/v1/projects/smart-impact-402905/databases/(default)/collectionGroups/-/indexes 200
[debug] [2024-03-10T15:08:33.532Z] <<< [apiv2][body] GET https://firestore.googleapis.com/v1/projects/smart-impact-402905/databases/(default)/collectionGroups/-/indexes {}
[info] 
=== Functions Setup
[debug] [2024-03-10T15:08:33.533Z] > command requires scopes: ["email","openid","https://www.googleapis.com/auth/cloudplatformprojects.readonly","https://www.googleapis.com/auth/firebase","https://www.googleapis.com/auth/cloud-platform"]
[debug] [2024-03-10T15:08:33.533Z] > authorizing via signed-in user (mosquedasam8@gmail.com)
[debug] [2024-03-10T15:08:33.533Z] [iam] checking project smart-impact-402905 for permissions ["firebase.projects.get"]
[debug] [2024-03-10T15:08:33.533Z] >>> [apiv2][query] POST https://cloudresourcemanager.googleapis.com/v1/projects/smart-impact-402905:testIamPermissions [none]
[debug] [2024-03-10T15:08:33.533Z] >>> [apiv2][(partial)header] POST https://cloudresourcemanager.googleapis.com/v1/projects/smart-impact-402905:testIamPermissions x-goog-quota-user=projects/smart-impact-402905
[debug] [2024-03-10T15:08:33.533Z] >>> [apiv2][body] POST https://cloudresourcemanager.googleapis.com/v1/projects/smart-impact-402905:testIamPermissions {"permissions":["firebase.projects.get"]}
[debug] [2024-03-10T15:08:34.517Z] <<< [apiv2][status] POST https://cloudresourcemanager.googleapis.com/v1/projects/smart-impact-402905:testIamPermissions 200
[debug] [2024-03-10T15:08:34.518Z] <<< [apiv2][body] POST https://cloudresourcemanager.googleapis.com/v1/projects/smart-impact-402905:testIamPermissions {"permissions":["firebase.projects.get"]}
[debug] [2024-03-10T15:08:34.518Z] >>> [apiv2][query] GET https://serviceusage.googleapis.com/v1/projects/smart-impact-402905/services/cloudfunctions.googleapis.com [none]
[debug] [2024-03-10T15:08:34.518Z] >>> [apiv2][(partial)header] GET https://serviceusage.googleapis.com/v1/projects/smart-impact-402905/services/cloudfunctions.googleapis.com x-goog-quota-user=projects/smart-impact-402905
[debug] [2024-03-10T15:08:34.519Z] >>> [apiv2][query] GET https://serviceusage.googleapis.com/v1/projects/smart-impact-402905/services/runtimeconfig.googleapis.com [none]
[debug] [2024-03-10T15:08:34.520Z] >>> [apiv2][(partial)header] GET https://serviceusage.googleapis.com/v1/projects/smart-impact-402905/services/runtimeconfig.googleapis.com x-goog-quota-user=projects/smart-impact-402905
[debug] [2024-03-10T15:08:35.815Z] <<< [apiv2][status] GET https://serviceusage.googleapis.com/v1/projects/smart-impact-402905/services/runtimeconfig.googleapis.com 200
[debug] [2024-03-10T15:08:35.815Z] <<< [apiv2][body] GET https://serviceusage.googleapis.com/v1/projects/smart-impact-402905/services/runtimeconfig.googleapis.com [omitted]
[debug] [2024-03-10T15:08:35.835Z] <<< [apiv2][status] GET https://serviceusage.googleapis.com/v1/projects/smart-impact-402905/services/cloudfunctions.googleapis.com 200
[debug] [2024-03-10T15:08:35.836Z] <<< [apiv2][body] GET https://serviceusage.googleapis.com/v1/projects/smart-impact-402905/services/cloudfunctions.googleapis.com [omitted]
[info] Let's create a new codebase for your functions.
[info] A directory corresponding to the codebase will be created in your project
[info] with sample code pre-configured.

[info] See https://firebase.google.com/docs/functions/organize-functions for
[info] more information on organizing your functions using codebases.

[info] Functions can be deployed with firebase deploy.

[info] ✔  Wrote functions/package.json 
[info] ✔  Wrote functions/.eslintrc.js 
[info] ✔  Wrote functions/index.js 
[info] ✔  Wrote functions/.gitignore 
[info] 
=== Hosting Setup
[debug] [2024-03-10T15:12:56.689Z] >>> [apiv2][query] GET https://firebase.googleapis.com/v1beta1/projects/smart-impact-402905 [none]
[debug] [2024-03-10T15:12:57.060Z] <<< [apiv2][status] GET https://firebase.googleapis.com/v1beta1/projects/smart-impact-402905 200
[debug] [2024-03-10T15:12:57.060Z] <<< [apiv2][body] GET https://firebase.googleapis.com/v1beta1/projects/smart-impact-402905 {"projectId":"smart-impact-402905","projectNumber":"380054319776","displayName":"School-proj","name":"projects/smart-impact-402905","resources":{"hostingSite":"smart-impact-402905","realtimeDatabaseInstance":"smart-impact-402905-default-rtdb","storageBucket":"smart-impact-402905.appspot.com","locationId":"us-central"},"state":"ACTIVE","etag":"1_4c9ac9f4-7a5f-4056-be9b-eced73137da1"}
[info] 
[info] Your public directory is the folder (relative to your project directory) that
[info] will contain Hosting assets to be uploaded with firebase deploy. If you
[info] have a build process for your assets, use your build's output directory.
[info] 
[debug] [2024-03-10T15:13:03.266Z] >>> [apiv2][query] GET https://www.gstatic.com/firebasejs/releases.json [none]
[debug] [2024-03-10T15:13:03.281Z] <<< [apiv2][status] GET https://www.gstatic.com/firebasejs/releases.json 200
[debug] [2024-03-10T15:13:03.282Z] <<< [apiv2][body] GET https://www.gstatic.com/firebasejs/releases.json {"current":{"version":"10.8.1","browserURL":"https://www.gstatic.com/firebasejs/10.8.1/firebase.js","packageURL":"https://www.gstatic.com/firebasejs/10.8.1/firebase.tgz"},"live":{"version":"10.8","browserURL":"https://www.gstatic.com/firebasejs/live/10.8/firebase.js","packageURL":"https://www.gstatic.com/firebasejs/live/10.8/firebase.tgz"},"components":{"analytics":"https://www.gstatic.com/firebasejs/10.8.1/firebase-analytics.js","app":"https://www.gstatic.com/firebasejs/10.8.1/firebase-app.js","app-check":"https://www.gstatic.com/firebasejs/10.8.1/firebase-app-check.js","auth":"https://www.gstatic.com/firebasejs/10.8.1/firebase-auth.js","auth/cordova":"https://www.gstatic.com/firebasejs/10.8.1/firebase-auth/cordova.js","auth/web-extension":"https://www.gstatic.com/firebasejs/10.8.1/firebase-auth/web-extension.js","functions":"https://www.gstatic.com/firebasejs/10.8.1/firebase-functions.js","firestore":"https://www.gstatic.com/firebasejs/10.8.1/firebase-firestore.js","firestore/lite":"https://www.gstatic.com/firebasejs/10.8.1/firebase-firestore/lite.js","installations":"https://www.gstatic.com/firebasejs/10.8.1/firebase-installations.js","storage":"https://www.gstatic.com/firebasejs/10.8.1/firebase-storage.js","performance":"https://www.gstatic.com/firebasejs/10.8.1/firebase-performance.js","remote-config":"https://www.gstatic.com/firebasejs/10.8.1/firebase-remote-config.js","messaging":"https://www.gstatic.com/firebasejs/10.8.1/firebase-messaging.js","messaging/sw":"https://www.gstatic.com/firebasejs/10.8.1/firebase-messaging/sw.js","database":"https://www.gstatic.com/firebasejs/10.8.1/firebase-database.js","firestore.memory":"https://www.gstatic.com/firebasejs/10.8.1/firebase-firestore.memory.js"}}
[info] ✔  Wrote public/index.html 
[info] 
[info] i  Detected a .git folder at /workspaces/informatics-schoolproj 
[info] i  Authorizing with GitHub to upload your service account to a GitHub repository's secrets store. 
[info] 
[info] Visit this URL on this device to log in:
[info] https://github.com/login/oauth/authorize?client_id=89cf50f02ac6aaed3484&state=1053060988&redirect_uri=http%3A%2F%2Flocalhost%3A9005&scope=read%3Auser%20repo%20public_repo
[info] 
[info] Waiting for authentication...
